<?xml version="1.0" encoding="UTF-8"?>
<testsuite xmlns:xsi="http://www.w3.org/2001/XMLSchema-instance" xsi:noNamespaceSchemaLocation="https://maven.apache.org/surefire/maven-surefire-plugin/xsd/surefire-test-report.xsd" name="cucumberSelenium.FileReaderServiceCSTest" time="433.548" tests="166" errors="0" skipped="0" failures="0">
  <properties>
[...]
</properties>
  <testcase name="Given the service has 1 files to read in directory testfiles1" classname="| 1 | testfiles1 | 1 |" time="0"/>
  <testcase name="When the service is evoked" classname="| 1 | testfiles1 | 1 |" time="0.001"/>
  <testcase name="Then the service will produce a list of size 1" classname="| 1 | testfiles1 | 1 |" time="0"/>
  <testcase name="| 1 | testfiles1 | 1 |" classname="| 1 | testfiles1 | 1 |" time="0.772"/>
  <testcase name="Given the service has 2 files to read in directory testfiles2" classname="| 2 | testfiles2 | 2 |" time="0"/>
  <testcase name="When the service is evoked" classname="| 2 | testfiles2 | 2 |" time="0"/>
  <testcase name="Then the service will produce a list of size 2" classname="| 2 | testfiles2 | 2 |" time="0"/>
  <testcase name="| 2 | testfiles2 | 2 |" classname="| 2 | testfiles2 | 2 |" time="0.622"/>
  <testcase name="Given the service has 3 files to read in directory testfiles3" classname="| 3 | testfiles3 | 3 |" time="0.002"/>
  <testcase name="When the service is evoked" classname="| 3 | testfiles3 | 3 |" time="0"/>
  <testcase name="Then the service will produce a list of size 3" classname="| 3 | testfiles3 | 3 |" time="0"/>
  <testcase name="| 3 | testfiles3 | 3 |" classname="| 3 | testfiles3 | 3 |" time="0.565"/>
  <testcase name="Given the service has 14 files to read in directory testfiles" classname="| 14 | testfiles | 13 |" time="0"/>
  <testcase name="When the service is evoked" classname="| 14 | testfiles | 13 |" time="0"/>
  <testcase name="Then the service will produce a list of size 13" classname="| 14 | testfiles | 13 |" time="0"/>
  <testcase name="| 14 | testfiles | 13 |" classname="| 14 | testfiles | 13 |" time="0.553"/>
  <testcase name="Given the service has 1 files to read in directory testfiles1" classname="| 1 | testfiles1 | NG07NNT | file1.csv |" time="0"/>
  <testcase name="When the service is evoked" classname="| 1 | testfiles1 | NG07NNT | file1.csv |" time="0"/>
  <testcase name="And the registration number NG07NNT from file1.csv is entered into the website" classname="| 1 | testfiles1 | NG07NNT | file1.csv |" time="0"/>
  <testcase name="Then the website details will match the service with make of FORD with a colour of BLUE" classname="| 1 | testfiles1 | NG07NNT | file1.csv |" time="0"/>
  <testcase name="| 1 | testfiles1 | NG07NNT | file1.csv |" classname="| 1 | testfiles1 | NG07NNT | file1.csv |" time="0.644"/>
  <testcase name="Given the service reads files from directory testfiles" classname="| file1.csv | NG07NNT | found | FORD | BLUE |" time="0"/>
  <testcase name="When the service is evoked" classname="| file1.csv | NG07NNT | found | FORD | BLUE |" time="0"/>
  <testcase name="And registration numbers from each file with file1.csv is entered into the website inturn" classname="| file1.csv | NG07NNT | found | FORD | BLUE |" time="0"/>
  <testcase name="Then the website details for registration NG07NNT will be found the exact vehicle make FORD with colour BLUE" classname="| file1.csv | NG07NNT | found | FORD | BLUE |" time="0"/>
  <testcase name="| file1.csv | NG07NNT | found | FORD | BLUE |" classname="| file1.csv | NG07NNT | found | FORD | BLUE |" time="0.65"/>
  <testcase name="Given the service reads files from directory testfiles" classname="| file2.csv | GX18HBL | found | AUDI | BLACK |" time="0"/>
  <testcase name="When the service is evoked" classname="| file2.csv | GX18HBL | found | AUDI | BLACK |" time="0"/>
  <testcase name="And registration numbers from each file with file2.csv is entered into the website inturn" classname="| file2.csv | GX18HBL | found | AUDI | BLACK |" time="0"/>
  <testcase name="Then the website details for registration GX18HBL will be found the exact vehicle make AUDI with colour BLACK" classname="| file2.csv | GX18HBL | found | AUDI | BLACK |" time="0.001"/>
  <testcase name="| file2.csv | GX18HBL | found | AUDI | BLACK |" classname="| file2.csv | GX18HBL | found | AUDI | BLACK |" time="0.657"/>
  <testcase name="Given the service reads files from directory testfiles" classname="| file3.csv | V765DPR | not found | HYUNDAI | SILVER |" time="0"/>
  <testcase name="When the service is evoked" classname="| file3.csv | V765DPR | not found | HYUNDAI | SILVER |" time="0"/>
  <testcase name="And registration numbers from each file with file3.csv is entered into the website inturn" classname="| file3.csv | V765DPR | not found | HYUNDAI | SILVER |" time="0.001"/>
  <testcase name="Then the website details for registration V765DPR will be not found the exact vehicle make HYUNDAI with colour SILVER" classname="| file3.csv | V765DPR | not found | HYUNDAI | SILVER |" time="0.001"/>
  <testcase name="| file3.csv | V765DPR | not found | HYUNDAI | SILVER |" classname="| file3.csv | V765DPR | not found | HYUNDAI | SILVER |" time="0.642"/>
  <testcase name="Given the service reads files from directory testfiles" classname="| file4.csv | GJ13EBK | found | HONDA | RED |" time="0"/>
  <testcase name="When the service is evoked" classname="| file4.csv | GJ13EBK | found | HONDA | RED |" time="0.001"/>
  <testcase name="And registration numbers from each file with file4.csv is entered into the website inturn" classname="| file4.csv | GJ13EBK | found | HONDA | RED |" time="0"/>
  <testcase name="Then the website details for registration GJ13EBK will be found the exact vehicle make HONDA with colour RED" classname="| file4.csv | GJ13EBK | found | HONDA | RED |" time="0"/>
  <testcase name="| file4.csv | GJ13EBK | found | HONDA | RED |" classname="| file4.csv | GJ13EBK | found | HONDA | RED |" time="0.65"/>
  <testcase name="Given the service reads files from directory testfiles" classname="| file5.csv | LA12GZC | found | NISSAN | BLUE |" time="0"/>
  <testcase name="When the service is evoked" classname="| file5.csv | LA12GZC | found | NISSAN | BLUE |" time="0"/>
  <testcase name="And registration numbers from each file with file5.csv is entered into the website inturn" classname="| file5.csv | LA12GZC | found | NISSAN | BLUE |" time="0"/>
  <testcase name="Then the website details for registration LA12GZC will be found the exact vehicle make NISSAN with colour BLUE" classname="| file5.csv | LA12GZC | found | NISSAN | BLUE |" time="0"/>
  <testcase name="| file5.csv | LA12GZC | found | NISSAN | BLUE |" classname="| file5.csv | LA12GZC | found | NISSAN | BLUE |" time="0.656"/>
  <testcase name="Given the service reads files from directory testfiles" classname="| file6.csv | GJ13EBX | found | CITROEN | WHITE |" time="0"/>
  <testcase name="When the service is evoked" classname="| file6.csv | GJ13EBX | found | CITROEN | WHITE |" time="0"/>
  <testcase name="And registration numbers from each file with file6.csv is entered into the website inturn" classname="| file6.csv | GJ13EBX | found | CITROEN | WHITE |" time="0"/>
  <testcase name="Then the website details for registration GJ13EBX will be found the exact vehicle make CITROEN with colour WHITE" classname="| file6.csv | GJ13EBX | found | CITROEN | WHITE |" time="0"/>
  <testcase name="| file6.csv | GJ13EBX | found | CITROEN | WHITE |" classname="| file6.csv | GJ13EBX | found | CITROEN | WHITE |" time="0.647"/>
  <testcase name="Given the service reads files from directory testfiles" classname="| file7.csv | YS59ABZ | found | BMW | BLUE |" time="0"/>
  <testcase name="When the service is evoked" classname="| file7.csv | YS59ABZ | found | BMW | BLUE |" time="0"/>
  <testcase name="And registration numbers from each file with file7.csv is entered into the website inturn" classname="| file7.csv | YS59ABZ | found | BMW | BLUE |" time="0"/>
  <testcase name="Then the website details for registration YS59ABZ will be found the exact vehicle make BMW with colour BLUE" classname="| file7.csv | YS59ABZ | found | BMW | BLUE |" time="0.001"/>
  <testcase name="| file7.csv | YS59ABZ | found | BMW | BLUE |" classname="| file7.csv | YS59ABZ | found | BMW | BLUE |" time="0.652"/>
  <testcase name="Given the service reads files from directory testfiles" classname="| file8.csv | P1LOT | found | BMW | BLACK |" time="0"/>
  <testcase name="When the service is evoked" classname="| file8.csv | P1LOT | found | BMW | BLACK |" time="0"/>
  <testcase name="And registration numbers from each file with file8.csv is entered into the website inturn" classname="| file8.csv | P1LOT | found | BMW | BLACK |" time="0.001"/>
  <testcase name="Then the website details for registration P1LOT will be found the exact vehicle make BMW with colour BLACK" classname="| file8.csv | P1LOT | found | BMW | BLACK |" time="0"/>
  <testcase name="| file8.csv | P1LOT | found | BMW | BLACK |" classname="| file8.csv | P1LOT | found | BMW | BLACK |" time="0.652"/>
  <testcase name="Given the service reads files from directory testfiles" classname="| file9.csv | PK66PFF | found | MINI | BLUE |" time="0"/>
  <testcase name="When the service is evoked" classname="| file9.csv | PK66PFF | found | MINI | BLUE |" time="0"/>
  <testcase name="And registration numbers from each file with file9.csv is entered into the website inturn" classname="| file9.csv | PK66PFF | found | MINI | BLUE |" time="0"/>
  <testcase name="Then the website details for registration PK66PFF will be found the exact vehicle make MINI with colour BLUE" classname="| file9.csv | PK66PFF | found | MINI | BLUE |" time="0"/>
  <testcase name="| file9.csv | PK66PFF | found | MINI | BLUE |" classname="| file9.csv | PK66PFF | found | MINI | BLUE |" time="0.644"/>
  <testcase name="Given the service reads files from directory testfiles" classname="| file10.csv | RK66PFF | found | AUDI | WHITE |" time="0"/>
  <testcase name="When the service is evoked" classname="| file10.csv | RK66PFF | found | AUDI | WHITE |" time="0"/>
  <testcase name="And registration numbers from each file with file10.csv is entered into the website inturn" classname="| file10.csv | RK66PFF | found | AUDI | WHITE |" time="0.002"/>
  <testcase name="Then the website details for registration RK66PFF will be found the exact vehicle make AUDI with colour WHITE" classname="| file10.csv | RK66PFF | found | AUDI | WHITE |" time="0"/>
  <testcase name="| file10.csv | RK66PFF | found | AUDI | WHITE |" classname="| file10.csv | RK66PFF | found | AUDI | WHITE |" time="0.652"/>
  <testcase name="Given the service reads files from directory testfiles" classname="| file11.csv | 1234567 | error | BMW | ORANGE |" time="0"/>
  <testcase name="When the service is evoked" classname="| file11.csv | 1234567 | error | BMW | ORANGE |" time="0.001"/>
  <testcase name="And registration numbers from each file with file11.csv is entered into the website inturn" classname="| file11.csv | 1234567 | error | BMW | ORANGE |" time="0"/>
  <testcase name="Then the website details for registration 1234567 will be error the exact vehicle make BMW with colour ORANGE" classname="| file11.csv | 1234567 | error | BMW | ORANGE |" time="0"/>
  <testcase name="| file11.csv | 1234567 | error | BMW | ORANGE |" classname="| file11.csv | 1234567 | error | BMW | ORANGE |" time="0.541"/>
  <testcase name="Given the service reads files from directory testfiles" classname="| file12.csv | GX18HBK | found | AUDI | BLUE |" time="0"/>
  <testcase name="When the service is evoked" classname="| file12.csv | GX18HBK | found | AUDI | BLUE |" time="0"/>
  <testcase name="And registration numbers from each file with file12.csv is entered into the website inturn" classname="| file12.csv | GX18HBK | found | AUDI | BLUE |" time="0"/>
  <testcase name="Then the website details for registration GX18HBK will be found the exact vehicle make AUDI with colour BLUE" classname="| file12.csv | GX18HBK | found | AUDI | BLUE |" time="0"/>
  <testcase name="| file12.csv | GX18HBK | found | AUDI | BLUE |" classname="| file12.csv | GX18HBK | found | AUDI | BLUE |" time="0.646"/>
  <testcase name="Given the service reads files from directory testfiles" classname="| file14.csv | NG08NNT | found | FORD | BLACK |" time="0"/>
  <testcase name="When the service is evoked" classname="| file14.csv | NG08NNT | found | FORD | BLACK |" time="0"/>
  <testcase name="And registration numbers from each file with file14.csv is entered into the website inturn" classname="| file14.csv | NG08NNT | found | FORD | BLACK |" time="0"/>
  <testcase name="Then the website details for registration NG08NNT will be found the exact vehicle make FORD with colour BLACK" classname="| file14.csv | NG08NNT | found | FORD | BLACK |" time="0"/>
  <testcase name="| file14.csv | NG08NNT | found | FORD | BLACK |" classname="| file14.csv | NG08NNT | found | FORD | BLACK |" time="0.664"/>
  <testcase name="Given the service reads files from directory testfiles" classname="| file1.csv | NG07NNT | FORD | BLUE | match | FORD | BLUE |" time="0"/>
  <testcase name="When the service is evoked" classname="| file1.csv | NG07NNT | FORD | BLUE | match | FORD | BLUE |" time="0"/>
  <testcase name="And registration numbers from each file with file1.csv is entered into the website inturn" classname="| file1.csv | NG07NNT | FORD | BLUE | match | FORD | BLUE |" time="0"/>
  <testcase name="Then the website details for registration NG07NNT with make of FORD with a colour of BLUE  will match the service with make of FORD with a colour of BLUE" classname="| file1.csv | NG07NNT | FORD | BLUE | match | FORD | BLUE |" time="0"/>
  <testcase name="| file1.csv | NG07NNT | FORD | BLUE | match | FORD | BLUE |" classname="| file1.csv | NG07NNT | FORD | BLUE | match | FORD | BLUE |" time="0.655"/>
  <testcase name="Given the service reads files from directory testfiles" classname="| file2.csv | GX18HBL | AUDI | BLACK | match | AUDI | BLACK |" time="0.001"/>
  <testcase name="When the service is evoked" classname="| file2.csv | GX18HBL | AUDI | BLACK | match | AUDI | BLACK |" time="0"/>
  <testcase name="And registration numbers from each file with file2.csv is entered into the website inturn" classname="| file2.csv | GX18HBL | AUDI | BLACK | match | AUDI | BLACK |" time="0"/>
  <testcase name="Then the website details for registration GX18HBL with make of AUDI with a colour of BLACK  will match the service with make of AUDI with a colour of BLACK" classname="| file2.csv | GX18HBL | AUDI | BLACK | match | AUDI | BLACK |" time="0"/>
  <testcase name="| file2.csv | GX18HBL | AUDI | BLACK | match | AUDI | BLACK |" classname="| file2.csv | GX18HBL | AUDI | BLACK | match | AUDI | BLACK |" time="0.648"/>
  <testcase name="Given the service reads files from directory testfiles" classname="| file3.csv | V765DPR | HYUNDAI | SILVER | not match | HYUNDAI | SILVER |" time="0"/>
  <testcase name="When the service is evoked" classname="| file3.csv | V765DPR | HYUNDAI | SILVER | not match | HYUNDAI | SILVER |" time="0"/>
  <testcase name="And registration numbers from each file with file3.csv is entered into the website inturn" classname="| file3.csv | V765DPR | HYUNDAI | SILVER | not match | HYUNDAI | SILVER |" time="0"/>
  <testcase name="Then the website details for registration V765DPR with make of HYUNDAI with a colour of SILVER  will not match the service with make of HYUNDAI with a colour of SILVER" classname="| file3.csv | V765DPR | HYUNDAI | SILVER | not match | HYUNDAI | SILVER |" time="0"/>
  <testcase name="| file3.csv | V765DPR | HYUNDAI | SILVER | not match | HYUNDAI | SILVER |" classname="| file3.csv | V765DPR | HYUNDAI | SILVER | not match | HYUNDAI | SILVER |" time="0.651"/>
  <testcase name="Given the service reads files from directory testfiles" classname="| file4.csv | GJ13EBK | HONDA | RED | match | HONDA | RED |" time="0"/>
  <testcase name="When the service is evoked" classname="| file4.csv | GJ13EBK | HONDA | RED | match | HONDA | RED |" time="0"/>
  <testcase name="And registration numbers from each file with file4.csv is entered into the website inturn" classname="| file4.csv | GJ13EBK | HONDA | RED | match | HONDA | RED |" time="0"/>
  <testcase name="Then the website details for registration GJ13EBK with make of HONDA with a colour of RED  will match the service with make of HONDA with a colour of RED" classname="| file4.csv | GJ13EBK | HONDA | RED | match | HONDA | RED |" time="0"/>
  <testcase name="| file4.csv | GJ13EBK | HONDA | RED | match | HONDA | RED |" classname="| file4.csv | GJ13EBK | HONDA | RED | match | HONDA | RED |" time="0.641"/>
  <testcase name="Given the service reads files from directory testfiles" classname="| file5.csv | LA12GZC | NISSAN | BLUE | match | NISSAN | BLUE |" time="0"/>
  <testcase name="When the service is evoked" classname="| file5.csv | LA12GZC | NISSAN | BLUE | match | NISSAN | BLUE |" time="0"/>
  <testcase name="And registration numbers from each file with file5.csv is entered into the website inturn" classname="| file5.csv | LA12GZC | NISSAN | BLUE | match | NISSAN | BLUE |" time="0"/>
  <testcase name="Then the website details for registration LA12GZC with make of NISSAN with a colour of BLUE  will match the service with make of NISSAN with a colour of BLUE" classname="| file5.csv | LA12GZC | NISSAN | BLUE | match | NISSAN | BLUE |" time="0"/>
  <testcase name="| file5.csv | LA12GZC | NISSAN | BLUE | match | NISSAN | BLUE |" classname="| file5.csv | LA12GZC | NISSAN | BLUE | match | NISSAN | BLUE |" time="0.655"/>
  <testcase name="Given the service reads files from directory testfiles" classname="| file6.csv | GJ13EBX | CITROEN | WHITE | match | CITROEN | WHITE |" time="0"/>
  <testcase name="When the service is evoked" classname="| file6.csv | GJ13EBX | CITROEN | WHITE | match | CITROEN | WHITE |" time="0"/>
  <testcase name="And registration numbers from each file with file6.csv is entered into the website inturn" classname="| file6.csv | GJ13EBX | CITROEN | WHITE | match | CITROEN | WHITE |" time="0"/>
  <testcase name="Then the website details for registration GJ13EBX with make of CITROEN with a colour of WHITE  will match the service with make of CITROEN with a colour of WHITE" classname="| file6.csv | GJ13EBX | CITROEN | WHITE | match | CITROEN | WHITE |" time="0"/>
  <testcase name="| file6.csv | GJ13EBX | CITROEN | WHITE | match | CITROEN | WHITE |" classname="| file6.csv | GJ13EBX | CITROEN | WHITE | match | CITROEN | WHITE |" time="0.766"/>
  <testcase name="Given the service reads files from directory testfiles" classname="| file7.csv | YS59ABZ | BMW | BLUE | match | BMW | BLUE |" time="0"/>
  <testcase name="When the service is evoked" classname="| file7.csv | YS59ABZ | BMW | BLUE | match | BMW | BLUE |" time="0"/>
  <testcase name="And registration numbers from each file with file7.csv is entered into the website inturn" classname="| file7.csv | YS59ABZ | BMW | BLUE | match | BMW | BLUE |" time="0"/>
  <testcase name="Then the website details for registration YS59ABZ with make of BMW with a colour of BLUE  will match the service with make of BMW with a colour of BLUE" classname="| file7.csv | YS59ABZ | BMW | BLUE | match | BMW | BLUE |" time="0"/>
  <testcase name="| file7.csv | YS59ABZ | BMW | BLUE | match | BMW | BLUE |" classname="| file7.csv | YS59ABZ | BMW | BLUE | match | BMW | BLUE |" time="0.649"/>
  <testcase name="Given the service reads files from directory testfiles" classname="| file8.csv | P1LOT | BMW | BLACK | match | BMW | BLACK |" time="0"/>
  <testcase name="When the service is evoked" classname="| file8.csv | P1LOT | BMW | BLACK | match | BMW | BLACK |" time="0"/>
  <testcase name="And registration numbers from each file with file8.csv is entered into the website inturn" classname="| file8.csv | P1LOT | BMW | BLACK | match | BMW | BLACK |" time="0"/>
  <testcase name="Then the website details for registration P1LOT with make of BMW with a colour of BLACK  will match the service with make of BMW with a colour of BLACK" classname="| file8.csv | P1LOT | BMW | BLACK | match | BMW | BLACK |" time="0.001"/>
  <testcase name="| file8.csv | P1LOT | BMW | BLACK | match | BMW | BLACK |" classname="| file8.csv | P1LOT | BMW | BLACK | match | BMW | BLACK |" time="0.652"/>
  <testcase name="Given the service reads files from directory testfiles" classname="| file9.csv | PK66PFF | MINI | BLUE | match | MINI | BLUE |" time="0.001"/>
  <testcase name="When the service is evoked" classname="| file9.csv | PK66PFF | MINI | BLUE | match | MINI | BLUE |" time="0"/>
  <testcase name="And registration numbers from each file with file9.csv is entered into the website inturn" classname="| file9.csv | PK66PFF | MINI | BLUE | match | MINI | BLUE |" time="0"/>
  <testcase name="Then the website details for registration PK66PFF with make of MINI with a colour of BLUE  will match the service with make of MINI with a colour of BLUE" classname="| file9.csv | PK66PFF | MINI | BLUE | match | MINI | BLUE |" time="0"/>
  <testcase name="| file9.csv | PK66PFF | MINI | BLUE | match | MINI | BLUE |" classname="| file9.csv | PK66PFF | MINI | BLUE | match | MINI | BLUE |" time="0.64"/>
  <testcase name="Given the service reads files from directory testfiles" classname="| file10.csv | RK66PFF | AUDI | WHITE | match | AUDI | WHITE |" time="0"/>
  <testcase name="When the service is evoked" classname="| file10.csv | RK66PFF | AUDI | WHITE | match | AUDI | WHITE |" time="0"/>
  <testcase name="And registration numbers from each file with file10.csv is entered into the website inturn" classname="| file10.csv | RK66PFF | AUDI | WHITE | match | AUDI | WHITE |" time="0"/>
  <testcase name="Then the website details for registration RK66PFF with make of AUDI with a colour of WHITE  will match the service with make of AUDI with a colour of WHITE" classname="| file10.csv | RK66PFF | AUDI | WHITE | match | AUDI | WHITE |" time="0"/>
  <testcase name="| file10.csv | RK66PFF | AUDI | WHITE | match | AUDI | WHITE |" classname="| file10.csv | RK66PFF | AUDI | WHITE | match | AUDI | WHITE |" time="0.653"/>
  <testcase name="Given the service reads files from directory testfiles" classname="| file11.csv | 1234567 | BMW | ORANGE | error | BMW | ORANGE |" time="0.001"/>
  <testcase name="When the service is evoked" classname="| file11.csv | 1234567 | BMW | ORANGE | error | BMW | ORANGE |" time="0"/>
  <testcase name="And registration numbers from each file with file11.csv is entered into the website inturn" classname="| file11.csv | 1234567 | BMW | ORANGE | error | BMW | ORANGE |" time="0"/>
  <testcase name="Then the website details for registration 1234567 with make of BMW with a colour of ORANGE  will error the service with make of BMW with a colour of ORANGE" classname="| file11.csv | 1234567 | BMW | ORANGE | error | BMW | ORANGE |" time="0"/>
  <testcase name="| file11.csv | 1234567 | BMW | ORANGE | error | BMW | ORANGE |" classname="| file11.csv | 1234567 | BMW | ORANGE | error | BMW | ORANGE |" time="0.651"/>
  <testcase name="Given the service reads files from directory testfiles" classname="| file12.csv | GX18HBK | AUDI | BLUE | not be found | BMW | BLUE |" time="0"/>
  <testcase name="When the service is evoked" classname="| file12.csv | GX18HBK | AUDI | BLUE | not be found | BMW | BLUE |" time="0"/>
  <testcase name="And registration numbers from each file with file12.csv is entered into the website inturn" classname="| file12.csv | GX18HBK | AUDI | BLUE | not be found | BMW | BLUE |" time="0"/>
  <testcase name="Then the website details for registration GX18HBK with make of AUDI with a colour of BLUE  will not be found the service with make of BMW with a colour of BLUE" classname="| file12.csv | GX18HBK | AUDI | BLUE | not be found | BMW | BLUE |" time="0.001"/>
  <testcase name="| file12.csv | GX18HBK | AUDI | BLUE | not be found | BMW | BLUE |" classname="| file12.csv | GX18HBK | AUDI | BLUE | not be found | BMW | BLUE |" time="0.657"/>
  <testcase name="Given the service reads files from directory testfiles" classname="| file14.csv | NG08NNT | FORD | BLACK | match | FORD | BLACK |" time="0"/>
  <testcase name="When the service is evoked" classname="| file14.csv | NG08NNT | FORD | BLACK | match | FORD | BLACK |" time="0"/>
  <testcase name="And registration numbers from each file with file14.csv is entered into the website inturn" classname="| file14.csv | NG08NNT | FORD | BLACK | match | FORD | BLACK |" time="0"/>
  <testcase name="Then the website details for registration NG08NNT with make of FORD with a colour of BLACK  will match the service with make of FORD with a colour of BLACK" classname="| file14.csv | NG08NNT | FORD | BLACK | match | FORD | BLACK |" time="0"/>
  <testcase name="| file14.csv | NG08NNT | FORD | BLACK | match | FORD | BLACK |" classname="| file14.csv | NG08NNT | FORD | BLACK | match | FORD | BLACK |" time="0.766"/>
  <testcase name="Given I am a user of the website" classname="Scenario: The user enters a correctly formated registration plate" time="0"/>
  <testcase name="When I enter a correct registration plate of NG07NNT" classname="Scenario: The user enters a correctly formated registration plate" time="0.001"/>
  <testcase name="And press continue" classname="Scenario: The user enters a correctly formated registration plate" time="0"/>
  <testcase name="Then I will receive the correct make as FORD and colour of car as BLUE" classname="Scenario: The user enters a correctly formated registration plate" time="0"/>
  <testcase name="Scenario: The user enters a correctly formated registration plate" classname="Scenario: The user enters a correctly formated registration plate" time="0.661"/>
  <testcase name="Given I am a user of the website" classname="Scenario: The user enters a invalid registration plate" time="0.001"/>
  <testcase name="When I enter a correctly formatted invalid registration plate of V765DPR" classname="Scenario: The user enters a invalid registration plate" time="0.001"/>
  <testcase name="And press continue" classname="Scenario: The user enters a invalid registration plate" time="0"/>
  <testcase name="Then I will be taken to an error page" classname="Scenario: The user enters a invalid registration plate" time="0"/>
  <testcase name="Scenario: The user enters a invalid registration plate" classname="Scenario: The user enters a invalid registration plate" time="0.661"/>
  <testcase name="Given I am a user of the website" classname="Scenario: The user enters an incorrectly formatted registration plate" time="0"/>
  <testcase name="When I enter a incorrectly formatted registraton plate of AB343467" classname="Scenario: The user enters an incorrectly formatted registration plate" time="0"/>
  <testcase name="And press continue" classname="Scenario: The user enters an incorrectly formatted registration plate" time="0"/>
  <testcase name="Then I will receive an error messsage on the same page" classname="Scenario: The user enters an incorrectly formatted registration plate" time="0"/>
  <testcase name="Scenario: The user enters an incorrectly formatted registration plate" classname="Scenario: The user enters an incorrectly formatted registration plate" time="0.754"/>
</testsuite>